0 0
6 a.img
0 1
1 b
0 2
5 [
1 c
5 ,
3 1
5 ]
5 #
0 0
6 a.img
0 1
1 c
0 2
5 [
1 d
5 ,
3 1
5 ]
5 #
0 0
6 a.img
0 1
1 d
0 2
5 [
1 n
5 ,
4 this is a test
5 ]
5 #
0 0
6 d.img
0 1
1 e
0 2
5 [
1 f
5 ,
3 1
5 ]
5 ,
5 [
1 g
5 ,
4 test
5 ]
5 #
0 0
6 h.img
0 1
1 f
0 2
5 [
1 j
5 ,
2 1.150000
5 ]
5 ,
5 [
1 k
5 ,
3 3
5 ]
5 ,
5 [
1 l
5 ,
4 a string
5 ]
5 #
0 0
6 i1.img
0 1
1 image1
0 2
5 [
1 image
5 ,
1 boy
5 ]
5 ,
5 [
1 image
5 ,
1 girl
5 ]
5 ,
5 [
1 age
5 ,
3 5
5 ]
5 #
0 0
6 i2.img
0 1
1 image2
0 2
5 [
1 image
5 ,
1 boy
5 ]
5 ,
5 [
1 age
5 ,
3 5
5 ]
5 #
0 0
6 i3.img
0 1
1 image3
0 2
5 [
1 image
5 ,
1 girl
5 ]
5 ,
5 [
1 age
5 ,
3 5
5 ]
5 #
0 0
6 i4.img
0 1
1 image4
0 2
5 [
1 image
5 ,
1 boy
5 ]
5 ,
5 [
1 image
5 ,
1 girl
5 ]
5 ,
5 [
1 age
5 ,
3 5
5 ]
5 #
0 0
6 i5.img
0 1
1 image5
0 2
5 [
1 image
5 ,
1 boy
5 ]
5 ,
5 [
1 image
5 ,
1 girl
5 ]
5 ,
5 [
1 age
5 ,
3 2
5 ]
5 #
0 0
6 i6.img
0 1
1 image6
0 2
5 [
1 color
5 ,
1 red
5 ]
5 ,
5 [
1 size
5 ,
1 large
5 ]
5 #
0 0
6 i7.img
0 1
1 image7
0 2
5 [
1 color
5 ,
1 blue
5 ]
5 ,
5 [
1 size
5 ,
1 large
5 ]
5 #
0 0
6 i8.img
0 1
1 image8
0 2
5 [
1 color
5 ,
1 blue
5 ]
5 ,
5 [
1 size
5 ,
1 medium
5 ]
5 #
0 0
6 i9.img
0 1
1 image9
0 2
5 [
1 color
5 ,
1 blue
5 ]
5 ,
5 [
1 size
5 ,
1 small
5 ]
5 #
0 0
6 i10.img
0 1
1 image10
0 2
5 [
1 color
5 ,
1 red
5 ]
5 ,
5 [
1 size
5 ,
1 large
5 ]
5 #
0 7
6 ifile.img
1 iv1
5 #
0 8
1 iv1
6 ifile.img
5 #
0 6
1 age
5 (
3 5
5 )
0 4
5 (
1 image
5 (
1 boy
5 )
0 4
1 image
5 (
1 girl
5 )
5 )
5 #
0 3
1 color
5 (
1 blue
5 )
0 4
5 (
1 size
5 (
1 large
5 )
0 5
1 size
5 (
1 medium
5 )
5 )
5 #
0 3
1 type
5 (
1 alpha
5 )
0 4
1 type
5 (
1 beta
5 )
5 #
0 6
1 color
5 (
1 red
5 )
5 #
1 a
5 =
1 b
5 +
1 reduce
5 (
1 q
5 ,
2 10.000000
5 )
5 +
1 c
5 +
1 d
5 -
5 (
1 e
5 +
1 f
5 )
5 #
0 9
5 #
